#
# There is insufficient memory for the Java Runtime Environment to continue.
# Native memory allocation (malloc) failed to allocate 717136 bytes for Chunk::new
# Possible reasons:
#   The system is out of physical RAM or swap space
#   The process is running with CompressedOops enabled, and the Java Heap may be blocking the growth of the native heap
# Possible solutions:
#   Reduce memory load on the system
#   Increase physical memory or swap space
#   Check if swap backing store is full
#   Decrease Java heap size (-Xmx/-Xms)
#   Decrease number of Java threads
#   Decrease Java thread stack sizes (-Xss)
#   Set larger code cache with -XX:ReservedCodeCacheSize=
#   JVM is running with Zero Based Compressed Oops mode in which the Java heap is
#     placed in the first 32GB address space. The Java Heap base address is the
#     maximum limit for the native heap growth. Please use -XX:HeapBaseMinAddress
#     to set the Java Heap base and to place the Java Heap above 32GB virtual address.
# This output file may be truncated or incomplete.
#
#  Out of Memory Error (allocation.cpp:389), pid=56252, tid=0x0000000000001ea0
#
# JRE version: Java(TM) SE Runtime Environment (8.0_202-b08) (build 1.8.0_202-b08)
# Java VM: Java HotSpot(TM) 64-Bit Server VM (25.202-b08 mixed mode windows-amd64 compressed oops)
# Failed to write core dump. Minidumps are not enabled by default on client versions of Windows
#

---------------  T H R E A D  ---------------

Current thread (0x000000001afd1800):  JavaThread "C2 CompilerThread1" daemon [_thread_in_native, id=7840, stack(0x000000001b910000,0x000000001ba10000)]

Stack: [0x000000001b910000,0x000000001ba10000]
[error occurred during error reporting (printing stack bounds), id 0xc0000005]

Native frames: (J=compiled Java code, j=interpreted, Vv=VM code, C=native code)


Current CompileTask:
C2:   2235  916   !   4       java.net.URL::<init> (543 bytes)


---------------  P R O C E S S  ---------------

Java Threads: ( => current thread )
  0x000000001cbc0000 JavaThread "background-preinit" [_thread_in_native, id=22524, stack(0x000000001b7c0000,0x000000001b8c0000)]
  0x000000001cbc5000 JavaThread "restartedMain" [_thread_blocked, id=41904, stack(0x000000001d7a0000,0x000000001d8a0000)]
  0x000000001ca07800 JavaThread "Thread-0" [_thread_blocked, id=26372, stack(0x000000001d640000,0x000000001d740000)]
  0x000000001b053000 JavaThread "Service Thread" daemon [_thread_blocked, id=14124, stack(0x000000001bc50000,0x000000001bd50000)]
  0x000000001afd8800 JavaThread "C1 CompilerThread2" daemon [_thread_blocked, id=14032, stack(0x000000001ba60000,0x000000001bb60000)]
=>0x000000001afd1800 JavaThread "C2 CompilerThread1" daemon [_thread_in_native, id=7840, stack(0x000000001b910000,0x000000001ba10000)]
  0x000000001afcc800 JavaThread "C2 CompilerThread0" daemon [_thread_blocked, id=51828, stack(0x000000001b520000,0x000000001b620000)]
  0x000000001afb9800 JavaThread "Attach Listener" daemon [_thread_blocked, id=8564, stack(0x000000001b670000,0x000000001b770000)]
  0x000000001afc9800 JavaThread "Signal Dispatcher" daemon [_thread_blocked, id=46136, stack(0x000000001b410000,0x000000001b510000)]
  0x0000000019b10000 JavaThread "Finalizer" daemon [_thread_blocked, id=35812, stack(0x000000001aeb0000,0x000000001afb0000)]
  0x0000000019ac8800 JavaThread "Reference Handler" daemon [_thread_blocked, id=24496, stack(0x000000001ab70000,0x000000001ac70000)]
  0x000000000252c800 JavaThread "main" [_thread_blocked, id=31948, stack(0x0000000002820000,0x0000000002920000)]

Other Threads:
  0x0000000019ac1000 VMThread [stack: 0x000000001aca0000,0x000000001ada0000] [id=44928]
  0x000000001b094000 WatcherThread [stack: 0x000000001bd70000,0x000000001be70000] [id=46824]

VM state:not at safepoint (normal execution)

VM Mutex/Monitor currently owned by a thread: None

heap address: 0x0000000701200000, size: 3054 MB, Compressed Oops mode: Zero based, Oop shift amount: 3
Narrow klass base: 0x0000000000000000, Narrow klass shift: 3
Compressed class space size: 1073741824 Address: 0x00000007c0000000

Heap:
 PSYoungGen      total 57344K, used 8728K [0x0000000780600000, 0x0000000784600000, 0x00000007c0000000)
  eden space 49152K, 1% used [0x0000000780600000,0x00000007806e80f8,0x0000000783600000)
  from space 8192K, 95% used [0x0000000783e00000,0x000000078459df30,0x0000000784600000)
  to   space 8192K, 0% used [0x0000000783600000,0x0000000783600000,0x0000000783e00000)
 ParOldGen       total 131072K, used 24K [0x0000000701200000, 0x0000000709200000, 0x0000000780600000)
  object space 131072K, 0% used [0x0000000701200000,0x0000000701206000,0x0000000709200000)
 Metaspace       used 13197K, capacity 13356K, committed 13440K, reserved 1060864K
  class space    used 1636K, capacity 1657K, committed 1664K, reserved 1048576K

Card table byte_map: [0x0000000011ce0000,0x00000000122e0000] byte_map_base: 0x000000000e4d7000

Marking Bits: (ParMarkBitMap*) 0x0000000051455ce0
 Begin Bits: [0x0000000012bc0000, 0x0000000015b78000)
 End Bits:   [0x0000000015b78000, 0x0000000018b30000)

Polling page: 0x0000000000220000

CodeCache: size=245760Kb used=3649Kb max_used=3663Kb free=242110Kb
 bounds [0x0000000002920000, 0x0000000002cc0000, 0x0000000011920000]
 total_blobs=1234 nmethods=926 adapters=220
 compilation: enabled

Compilation events (10 events):
Event: 2.181 Thread 0x000000001afd8800 nmethod 922 0x0000000002c98410 code [0x0000000002c98560, 0x0000000002c98710]
Event: 2.213 Thread 0x000000001afcc800 nmethod 921 0x0000000002cb5cd0 code [0x0000000002cb5f40, 0x0000000002cb8810]
Event: 2.213 Thread 0x000000001afcc800  925       4       java.util.HashMap::get (23 bytes)
Event: 2.216 Thread 0x000000001afcc800 nmethod 925 0x0000000002cb26d0 code [0x0000000002cb2820, 0x0000000002cb2b18]
Event: 2.216 Thread 0x000000001afcc800  923       4       java.util.ArrayList::add (29 bytes)
Event: 2.218 Thread 0x000000001afcc800 nmethod 923 0x0000000002cb1f90 code [0x0000000002cb20e0, 0x0000000002cb2428]
Event: 2.228 Thread 0x000000001afd8800  926       3       sun.misc.URLClassPath$1::next (63 bytes)
Event: 2.228 Thread 0x000000001afd8800 nmethod 926 0x0000000002cb5590 code [0x0000000002cb5720, 0x0000000002cb5b58]
Event: 2.230 Thread 0x000000001afd8800  927       1       java.util.logging.Logger::getName (5 bytes)
Event: 2.230 Thread 0x000000001afd8800 nmethod 927 0x0000000002c97d10 code [0x0000000002c97e60, 0x0000000002c97f70]

GC Heap History (4 events):
Event: 1.843 GC heap before
{Heap before GC invocations=1 (full 0):
 PSYoungGen      total 57344K, used 49152K [0x0000000780600000, 0x0000000784600000, 0x00000007c0000000)
  eden space 49152K, 100% used [0x0000000780600000,0x0000000783600000,0x0000000783600000)
  from space 8192K, 0% used [0x0000000783e00000,0x0000000783e00000,0x0000000784600000)
  to   space 8192K, 0% used [0x0000000783600000,0x0000000783600000,0x0000000783e00000)
 ParOldGen       total 131072K, used 0K [0x0000000701200000, 0x0000000709200000, 0x0000000780600000)
  object space 131072K, 0% used [0x0000000701200000,0x0000000701200000,0x0000000709200000)
 Metaspace       used 7870K, capacity 8012K, committed 8192K, reserved 1056768K
  class space    used 956K, capacity 985K, committed 1024K, reserved 1048576K
Event: 1.848 GC heap after
Heap after GC invocations=1 (full 0):
 PSYoungGen      total 57344K, used 5734K [0x0000000780600000, 0x0000000784600000, 0x00000007c0000000)
  eden space 49152K, 0% used [0x0000000780600000,0x0000000780600000,0x0000000783600000)
  from space 8192K, 69% used [0x0000000783600000,0x0000000783b99838,0x0000000783e00000)
  to   space 8192K, 0% used [0x0000000783e00000,0x0000000783e00000,0x0000000784600000)
 ParOldGen       total 131072K, used 16K [0x0000000701200000, 0x0000000709200000, 0x0000000780600000)
  object space 131072K, 0% used [0x0000000701200000,0x0000000701204000,0x0000000709200000)
 Metaspace       used 7870K, capacity 8012K, committed 8192K, reserved 1056768K
  class space    used 956K, capacity 985K, committed 1024K, reserved 1048576K
}
Event: 2.219 GC heap before
{Heap before GC invocations=2 (full 0):
 PSYoungGen      total 57344K, used 54886K [0x0000000780600000, 0x0000000784600000, 0x00000007c0000000)
  eden space 49152K, 100% used [0x0000000780600000,0x0000000783600000,0x0000000783600000)
  from space 8192K, 69% used [0x0000000783600000,0x0000000783b99838,0x0000000783e00000)
  to   space 8192K, 0% used [0x0000000783e00000,0x0000000783e00000,0x0000000784600000)
 ParOldGen       total 131072K, used 16K [0x0000000701200000, 0x0000000709200000, 0x0000000780600000)
  object space 131072K, 0% used [0x0000000701200000,0x0000000701204000,0x0000000709200000)
 Metaspace       used 13153K, capacity 13292K, committed 13440K, reserved 1060864K
  class space    used 1626K, capacity 1657K, committed 1664K, reserved 1048576K
Event: 2.226 GC heap after
Heap after GC invocations=2 (full 0):
 PSYoungGen      total 57344K, used 7799K [0x0000000780600000, 0x0000000784600000, 0x00000007c0000000)
  eden space 49152K, 0% used [0x0000000780600000,0x0000000780600000,0x0000000783600000)
  from space 8192K, 95% used [0x0000000783e00000,0x000000078459df30,0x0000000784600000)
  to   space 8192K, 0% used [0x0000000783600000,0x0000000783600000,0x0000000783e00000)
 ParOldGen       total 131072K, used 24K [0x0000000701200000, 0x0000000709200000, 0x0000000780600000)
  object space 131072K, 0% used [0x0000000701200000,0x0000000701206000,0x0000000709200000)
 Metaspace       used 13153K, capacity 13292K, committed 13440K, reserved 1060864K
  class space    used 1626K, capacity 1657K, committed 1664K, reserved 1048576K
}

Deoptimization events (10 events):
Event: 1.699 Thread 0x000000001cbc5000 Uncommon trap: reason=unstable_if action=reinterpret pc=0x0000000002b7fb00 method=java.io.WinNTFileSystem.normalize(Ljava/lang/String;II)Ljava/lang/String; @ 90
Event: 1.699 Thread 0x000000001cbc5000 Uncommon trap: reason=class_check action=maybe_recompile pc=0x0000000002abec20 method=sun.misc.URLClassPath.getLoader(I)Lsun/misc/URLClassPath$Loader; @ 94
Event: 1.726 Thread 0x000000001cbc5000 Uncommon trap: reason=unstable_if action=reinterpret pc=0x0000000002ab8838 method=java.lang.String.indexOf([CII[CIII)I @ 3
Event: 1.787 Thread 0x000000001cbc5000 Uncommon trap: reason=unstable_if action=reinterpret pc=0x0000000002be4ed4 method=java.util.Properties$LineReader.readLine()I @ 252
Event: 1.787 Thread 0x000000001cbc5000 Uncommon trap: reason=unstable_if action=reinterpret pc=0x0000000002bcfd08 method=java.util.Properties$LineReader.readLine()I @ 252
Event: 2.001 Thread 0x000000001cbc5000 Uncommon trap: reason=class_check action=maybe_recompile pc=0x0000000002c4f230 method=java.util.regex.Pattern$CharProperty.match(Ljava/util/regex/Matcher;ILjava/lang/CharSequence;)Z @ 37
Event: 2.001 Thread 0x000000001cbc5000 Uncommon trap: reason=class_check action=maybe_recompile pc=0x0000000002c4f230 method=java.util.regex.Pattern$CharProperty.match(Ljava/util/regex/Matcher;ILjava/lang/CharSequence;)Z @ 37
Event: 2.001 Thread 0x000000001cbc5000 Uncommon trap: reason=unstable_if action=reinterpret pc=0x0000000002c6033c method=java.util.regex.Pattern$BmpCharProperty.match(Ljava/util/regex/Matcher;ILjava/lang/CharSequence;)Z @ 5
Event: 2.104 Thread 0x000000001cbc5000 Uncommon trap: reason=unstable_if action=reinterpret pc=0x0000000002b67548 method=java.util.HashMap.hash(Ljava/lang/Object;)I @ 1
Event: 2.213 Thread 0x000000001cbc5000 Uncommon trap: reason=predicate action=maybe_recompile pc=0x0000000002c9a56c method=java.lang.String.regionMatches(ZILjava/lang/String;II)Z @ 63

Classes redefined (0 events):
No events

Internal exceptions (10 events):
Event: 1.836 Thread 0x000000001cbc5000 Exception <a 'java/lang/ClassNotFoundException': java/lang/ObjectBeanInfo> (0x0000000783573350) thrown at [C:\re\workspace\8-2-build-windows-amd64-cygwin\jdk8u202\12323\hotspot\src\share\vm\classfile\systemDictionary.cpp, line 210]
Event: 1.836 Thread 0x000000001cbc5000 Exception <a 'java/lang/ClassNotFoundException': java/lang/ObjectCustomizer> (0x000000078357d180) thrown at [C:\re\workspace\8-2-build-windows-amd64-cygwin\jdk8u202\12323\hotspot\src\share\vm\classfile\systemDictionary.cpp, line 210]
Event: 1.839 Thread 0x000000001cbc5000 Exception <a 'java/lang/ClassNotFoundException': org/springframework/boot/context/config/ConfigFileApplicationListener$SpringProfilesCustomizer> (0x00000007835afb40) thrown at [C:\re\workspace\8-2-build-windows-amd64-cygwin\jdk8u202\12323\hotspot\src\shar
Event: 1.914 Thread 0x000000001cbc5000 Exception <a 'java/lang/ClassNotFoundException': org/springframework/boot/SpringApplicationBeanInfo> (0x0000000780a61ce0) thrown at [C:\re\workspace\8-2-build-windows-amd64-cygwin\jdk8u202\12323\hotspot\src\share\vm\classfile\systemDictionary.cpp, line 21
Event: 1.914 Thread 0x000000001cbc5000 Exception <a 'java/lang/ClassNotFoundException': org/springframework/boot/SpringApplicationCustomizer> (0x0000000780a7e0a8) thrown at [C:\re\workspace\8-2-build-windows-amd64-cygwin\jdk8u202\12323\hotspot\src\share\vm\classfile\systemDictionary.cpp, line 
Event: 2.085 Thread 0x000000001cbc5000 Exception <a 'java/security/PrivilegedActionException'> (0x0000000782162e50) thrown at [C:\re\workspace\8-2-build-windows-amd64-cygwin\jdk8u202\12323\hotspot\src\share\vm\prims\jvm.cpp, line 1502]
Event: 2.086 Thread 0x000000001cbc5000 Exception <a 'java/security/PrivilegedActionException'> (0x0000000782163060) thrown at [C:\re\workspace\8-2-build-windows-amd64-cygwin\jdk8u202\12323\hotspot\src\share\vm\prims\jvm.cpp, line 1502]
Event: 2.104 Thread 0x000000001cbc5000 Implicit null exception at 0x0000000002b67315 to 0x0000000002b67539
Event: 2.169 Thread 0x000000001cbc5000 Exception <a 'java/security/PrivilegedActionException'> (0x0000000782ee8670) thrown at [C:\re\workspace\8-2-build-windows-amd64-cygwin\jdk8u202\12323\hotspot\src\share\vm\prims\jvm.cpp, line 1502]
Event: 2.169 Thread 0x000000001cbc5000 Exception <a 'java/security/PrivilegedActionException'> (0x0000000782ee8a68) thrown at [C:\re\workspace\8-2-build-windows-amd64-cygwin\jdk8u202\12323\hotspot\src\share\vm\prims\jvm.cpp, line 1502]

Events (10 events):
Event: 2.229 loading class org/codehaus/groovy/reflection/GroovyClassValuePreJava7$GroovyClassValuePreJava7Segment
Event: 2.229 loading class org/codehaus/groovy/reflection/GroovyClassValuePreJava7$GroovyClassValuePreJava7Segment done
Event: 2.229 loading class org/apache/juli/JdkLoggerConfig
Event: 2.229 loading class org/apache/juli/JdkLoggerConfig done
Event: 2.229 loading class org/codehaus/groovy/util/AbstractConcurrentMap$Entry
Event: 2.229 loading class org/codehaus/groovy/util/AbstractConcurrentMap$Entry done
Event: 2.229 loading class org/apache/tomcat/util/res/StringManager
Event: 2.229 loading class org/apache/tomcat/util/res/StringManager done
Event: 2.230 loading class org/codehaus/groovy/util/AbstractConcurrentMapBase$Entry
Event: 2.230 loading class org/codehaus/groovy/util/AbstractConcurrentMapBase$Entry done


Dynamic libraries:
0x000000013fc90000 - 0x000000013fcc7000 	D:\Program Files\Java\jre1.8.0_202\bin\javaw.exe
0x0000000077230000 - 0x00000000773cf000 	C:\Windows\SYSTEM32\ntdll.dll
0x0000000077110000 - 0x000000007722f000 	C:\Windows\system32\kernel32.dll
0x000007fefcec0000 - 0x000007fefcf2a000 	C:\Windows\system32\KERNELBASE.dll
0x000007fefee40000 - 0x000007fefef1b000 	C:\Windows\system32\ADVAPI32.dll
0x000007fefd860000 - 0x000007fefd8ff000 	C:\Windows\system32\msvcrt.dll
0x000007fefe8b0000 - 0x000007fefe8cf000 	C:\Windows\SYSTEM32\sechost.dll
0x000007fefeb60000 - 0x000007fefec8c000 	C:\Windows\system32\RPCRT4.dll
0x0000000077010000 - 0x000000007710a000 	C:\Windows\system32\USER32.dll
0x000007fefd690000 - 0x000007fefd6f7000 	C:\Windows\system32\GDI32.dll
0x000007fefe8d0000 - 0x000007fefe8de000 	C:\Windows\system32\LPK.dll
0x000007fefd3e0000 - 0x000007fefd4ab000 	C:\Windows\system32\USP10.dll
0x000007fefb560000 - 0x000007fefb755000 	C:\Windows\WinSxS\amd64_microsoft.windows.common-controls_6595b64144ccf1df_6.0.7601.24440_none_e36f1bbf30ff0606\COMCTL32.dll
0x000007fefe8e0000 - 0x000007fefe951000 	C:\Windows\system32\SHLWAPI.dll
0x000007fefd3b0000 - 0x000007fefd3de000 	C:\Windows\system32\IMM32.DLL
0x000007fefd700000 - 0x000007fefd809000 	C:\Windows\system32\MSCTF.dll
0x000000006ccb0000 - 0x000000006cd82000 	D:\Program Files\Java\jre1.8.0_202\bin\msvcr100.dll
0x0000000050c30000 - 0x00000000514d5000 	D:\Program Files\Java\jre1.8.0_202\bin\server\jvm.dll
0x000007fefae70000 - 0x000007fefae79000 	C:\Windows\system32\WSOCK32.dll
0x000007fefd810000 - 0x000007fefd85d000 	C:\Windows\system32\WS2_32.dll
0x000007fefd2a0000 - 0x000007fefd2a8000 	C:\Windows\system32\NSI.dll
0x000007fefcd30000 - 0x000007fefcd6b000 	C:\Windows\system32\WINMM.dll
0x000007fefbda0000 - 0x000007fefbdac000 	C:\Windows\system32\VERSION.dll
0x00000000773e0000 - 0x00000000773e7000 	C:\Windows\system32\PSAPI.DLL
0x000007fef9c10000 - 0x000007fef9c1f000 	D:\Program Files\Java\jre1.8.0_202\bin\verify.dll
0x000007feefe90000 - 0x000007feefeb9000 	D:\Program Files\Java\jre1.8.0_202\bin\java.dll
0x000007fef0720000 - 0x000007fef0736000 	D:\Program Files\Java\jre1.8.0_202\bin\zip.dll
0x000007fefd900000 - 0x000007fefe68b000 	C:\Windows\system32\SHELL32.dll
0x000007fefe960000 - 0x000007fefeb5f000 	C:\Windows\system32\ole32.dll
0x000007fefcaf0000 - 0x000007fefcaff000 	C:\Windows\system32\profapi.dll
0x000007fefa5b0000 - 0x000007fefa5bd000 	D:\Program Files\Java\jre1.8.0_202\bin\management.dll
0x000007fef0db0000 - 0x000007fef0dca000 	D:\Program Files\Java\jre1.8.0_202\bin\net.dll
0x000007fefecb0000 - 0x000007fefee38000 	C:\Windows\system32\urlmon.dll
0x000007fefcb70000 - 0x000007fefcb74000 	C:\Windows\system32\api-ms-win-downlevel-ole32-l1-1-0.dll
0x000007fefcd70000 - 0x000007fefcd74000 	C:\Windows\system32\api-ms-win-downlevel-shlwapi-l1-1-0.dll
0x000007fefce20000 - 0x000007fefce25000 	C:\Windows\system32\api-ms-win-downlevel-advapi32-l1-1-0.dll
0x000007fefcb60000 - 0x000007fefcb64000 	C:\Windows\system32\api-ms-win-downlevel-user32-l1-1-0.dll
0x000007fefcb30000 - 0x000007fefcb34000 	C:\Windows\system32\api-ms-win-downlevel-version-l1-1-0.dll
0x000007fefcf30000 - 0x000007fefcf33000 	C:\Windows\system32\api-ms-win-downlevel-normaliz-l1-1-0.dll
0x00000000773d0000 - 0x00000000773d3000 	C:\Windows\system32\normaliz.DLL
0x000007fefcfd0000 - 0x000007fefd29a000 	C:\Windows\system32\iertutil.dll
0x000007fefef20000 - 0x000007feff438000 	C:\Windows\system32\WININET.dll
0x000007fefce60000 - 0x000007fefce7e000 	C:\Windows\system32\USERENV.dll
0x000007fefc230000 - 0x000007fefc285000 	C:\Windows\system32\mswsock.dll
0x000007fefc220000 - 0x000007fefc227000 	C:\Windows\System32\wship6.dll
0x000007fefad90000 - 0x000007fefada5000 	C:\Windows\system32\NLAapi.dll
0x000007fef46a0000 - 0x000007fef46b5000 	C:\Windows\system32\napinsp.dll
0x000007fef4680000 - 0x000007fef4699000 	C:\Windows\system32\pnrpnsp.dll
0x000007fefc0b0000 - 0x000007fefc10b000 	C:\Windows\system32\DNSAPI.dll
0x000007fef4670000 - 0x000007fef467b000 	C:\Windows\System32\winrnr.dll
0x00000000710e0000 - 0x0000000071115000 	C:\Program Files\Bonjour\mdnsNSP.dll
0x000007fef9e20000 - 0x000007fef9e47000 	C:\Windows\system32\Iphlpapi.DLL
0x000007fef9e10000 - 0x000007fef9e1b000 	C:\Windows\system32\WINNSI.DLL
0x000007fefbb10000 - 0x000007fefbb17000 	C:\Windows\System32\wshtcpip.dll
0x000007fef8640000 - 0x000007fef8648000 	C:\Windows\system32\rasadhlp.dll
0x000007fef9b90000 - 0x000007fef9be3000 	C:\Windows\System32\fwpuclnt.dll

VM Arguments:
jvm_args: -Dfile.encoding=UTF-8 
java_command: com.kiiik.ActivitiApplication
java_class_path (initial): D:\chenyb\myproject\finally\workflow1.0\springcloudactivi5\target\classes;D:\chenyb\tools\eclipse\plugins\org.junit_4.12.0.v201504281640\junit.jar;D:\chenyb\tools\eclipse\plugins\org.hamcrest.core_1.3.0.v201303031735.jar;C:\Users\Administrator\.m2\repository\io\springfox\springfox-swagger2\2.6.1\springfox-swagger2-2.6.1.jar;C:\Users\Administrator\.m2\repository\io\swagger\swagger-annotations\1.5.10\swagger-annotations-1.5.10.jar;C:\Users\Administrator\.m2\repository\io\swagger\swagger-models\1.5.10\swagger-models-1.5.10.jar;C:\Users\Administrator\.m2\repository\com\fasterxml\jackson\core\jackson-annotations\2.8.0\jackson-annotations-2.8.0.jar;C:\Users\Administrator\.m2\repository\io\springfox\springfox-spi\2.6.1\springfox-spi-2.6.1.jar;C:\Users\Administrator\.m2\repository\io\springfox\springfox-core\2.6.1\springfox-core-2.6.1.jar;C:\Users\Administrator\.m2\repository\io\springfox\springfox-schema\2.6.1\springfox-schema-2.6.1.jar;C:\Users\Administrator\.m2\repository\io\springfox\springfox-swagger-common\2.6.1\springfox-swagger-common-2.6.1.jar;C:\Users\Administrator\.m2\repository\io\springfox\springfox-spring-web\2.6.1\springfox-spring-web-2.6.1.jar;C:\Users\Administrator\.m2\repository\com\google\guava\guava\18.0\guava-18.0.jar;C:\Users\Administrator\.m2\repository\com\fasterxml\classmate\1.3.4\classmate-1.3.4.jar;C:\Users\Administrator\.m2\repository\org\slf4j\slf4j-api\1.7.25\slf4j-api-1.7.25.jar;C:\Users\Administrator\.m2\repository\org\springframework\plugin\spring-plugin-core\1.2.0.RELEASE\spring-plugin-core-1.2.0.RELEASE.jar;C:\Users\Administrator\.m2\repository\org\springframework\spring-aop\4.3.13.RELEASE\spring-aop-4.3.13.RELEASE.jar;C:\Users\Administrator\.m2\repository\org\springframework\plugin\spring-plugin-metadata\1.2.0.RELEASE\spring-plugin-metadata-1.2.0.RELEASE.jar;C:\Users\Administrator\.m2\repository\org\mapstruct\mapstruct\1.0.0.Final\mapstruct-1.0.0.Final.jar;C:\Users\Administrator\.m2\repository\io\springfox\spr
Launcher Type: SUN_STANDARD

Environment Variables:
JAVA_HOME=D:\Program Files\Java\jdk1.8.0_202
PATH=D:/Program Files/Java/jre1.8.0_202/bin/server;D:/Program Files/Java/jre1.8.0_202/bin;D:/Program Files/Java/jre1.8.0_202/lib/amd64;C:\Program Files (x86)\Common Files\Oracle\Java\javapath;C:\Windows\system32;C:\Windows;C:\Windows\System32\Wbem;C:\Windows\System32\WindowsPowerShell\v1.0\;D:\Program Files\TortoiseGit\bin;C:\Program Files\Git\cmd;D:\Program Files\Java\jdk1.8.0_202\bin;D:\apache-maven-3.1.1\bin;D:\bigdata\netcat-win32-1.12;D:\chenyb\tools\eclipse;
USERNAME=Administrator
OS=Windows_NT
PROCESSOR_IDENTIFIER=Intel64 Family 6 Model 60 Stepping 3, GenuineIntel



---------------  S Y S T E M  ---------------

OS: Windows 7 , 64 bit Build 7601 (6.1.7601.24441)

CPU:total 4 (initial active 4) (4 cores per cpu, 1 threads per core) family 6 model 60 stepping 3, cmov, cx8, fxsr, mmx, sse, sse2, sse3, ssse3, sse4.1, sse4.2, popcnt, avx, avx2, aes, clmul, erms, rtm, lzcnt, tsc, tscinvbit, bmi1, bmi2

Memory: 4k page, physical 12505636k(2262276k free), swap 12503736k(5020k free)

vm_info: Java HotSpot(TM) 64-Bit Server VM (25.202-b08) for windows-amd64 JRE (1.8.0_202-b08), built on Dec 15 2018 19:54:30 by "java_re" with MS VC++ 10.0 (VS2010)

time: Wed Jul 03 09:15:36 2019
timezone: 中国标准时间
elapsed time: 2 seconds (0d 0h 0m 2s)

