#
# There is insufficient memory for the Java Runtime Environment to continue.
# Native memory allocation (malloc) failed to allocate 32744 bytes for ChunkPool::allocate
# Possible reasons:
#   The system is out of physical RAM or swap space
#   The process is running with CompressedOops enabled, and the Java Heap may be blocking the growth of the native heap
# Possible solutions:
#   Reduce memory load on the system
#   Increase physical memory or swap space
#   Check if swap backing store is full
#   Decrease Java heap size (-Xmx/-Xms)
#   Decrease number of Java threads
#   Decrease Java thread stack sizes (-Xss)
#   Set larger code cache with -XX:ReservedCodeCacheSize=
#   JVM is running with Zero Based Compressed Oops mode in which the Java heap is
#     placed in the first 32GB address space. The Java Heap base address is the
#     maximum limit for the native heap growth. Please use -XX:HeapBaseMinAddress
#     to set the Java Heap base and to place the Java Heap above 32GB virtual address.
# This output file may be truncated or incomplete.
#
#  Out of Memory Error (allocation.cpp:272), pid=27080, tid=0x0000000000008f38
#
# JRE version: Java(TM) SE Runtime Environment (8.0_202-b08) (build 1.8.0_202-b08)
# Java VM: Java HotSpot(TM) 64-Bit Server VM (25.202-b08 mixed mode windows-amd64 compressed oops)
# Failed to write core dump. Minidumps are not enabled by default on client versions of Windows
#

---------------  T H R E A D  ---------------

Current thread (0x000000001ad27800):  JavaThread "C2 CompilerThread1" daemon [_thread_in_native, id=36664, stack(0x000000001bf60000,0x000000001c060000)]

Stack: [0x000000001bf60000,0x000000001c060000]
[error occurred during error reporting (printing stack bounds), id 0xc0000005]

Native frames: (J=compiled Java code, j=interpreted, Vv=VM code, C=native code)


Current CompileTask:
C2:1842819 19575       4       java.beans.Introspector::addPropertyDescriptor (265 bytes)


---------------  P R O C E S S  ---------------

Java Threads: ( => current thread )
  0x0000000024768800 JavaThread "Thread-278" [_thread_blocked, id=41252, stack(0x000000002e490000,0x000000002e590000)]
  0x0000000024767000 JavaThread "Thread-277" [_thread_blocked, id=27532, stack(0x000000002ed50000,0x000000002ee50000)]
  0x000000002476a800 JavaThread "Tomcat JDBC Pool Cleaner[414493378:1562038527182]" daemon [_thread_blocked, id=56576, stack(0x000000002ead0000,0x000000002ebd0000)]
  0x00000000294ef800 JavaThread "H2 TCP Server (tcp://192.168.16.211:50681)" [_thread_in_native, id=21768, stack(0x000000002e880000,0x000000002e980000)]
  0x00000000294f1000 JavaThread "container-1" [_thread_blocked, id=46928, stack(0x000000002d4e0000,0x000000002d5e0000)]
  0x00000000294ec800 JavaThread "ContainerBackgroundProcessor[StandardEngine[Tomcat-1]]" daemon [_thread_blocked, id=28420, stack(0x000000002e590000,0x000000002e690000)]
  0x00000000294f1800 JavaThread "localhost-startStop-1" daemon [_thread_blocked, id=32920, stack(0x000000002e340000,0x000000002e440000)]
  0x00000000249bb000 JavaThread "Tomcat-1-startStop-1" daemon [_thread_blocked, id=17304, stack(0x0000000024dc0000,0x0000000024ec0000)]
  0x00000000249bb800 JavaThread "restartedMain" [_thread_in_vm, id=37148, stack(0x0000000022420000,0x0000000022520000)]
  0x00000000249bd000 JavaThread "Thread-262" [_thread_blocked, id=56280, stack(0x000000002ec30000,0x000000002ed30000)]
  0x00000000294eb800 JavaThread "H2 TCP Server (tcp://192.168.16.211:50649)" [_thread_in_native, id=26100, stack(0x000000002cf70000,0x000000002d070000)]
  0x00000000294ee800 JavaThread "H2 TCP Server (tcp://192.168.16.211:50603)" [_thread_in_native, id=11320, stack(0x000000002e710000,0x000000002e810000)]
  0x00000000294f0000 JavaThread "H2 TCP Server (tcp://192.168.16.211:50547)" [_thread_in_native, id=17248, stack(0x000000002e010000,0x000000002e110000)]
  0x0000000024765800 JavaThread "H2 TCP Server (tcp://192.168.16.211:50517)" [_thread_in_native, id=57272, stack(0x000000002e1f0000,0x000000002e2f0000)]
  0x0000000024769000 JavaThread "H2 TCP Server (tcp://192.168.16.211:50487)" [_thread_in_native, id=15312, stack(0x000000002ddb0000,0x000000002deb0000)]
  0x0000000024766000 JavaThread "H2 TCP Server (tcp://192.168.16.211:50434)" [_thread_in_native, id=45964, stack(0x000000002def0000,0x000000002dff0000)]
  0x000000002476a000 JavaThread "H2 TCP Server (tcp://192.168.16.211:50401)" [_thread_in_native, id=33980, stack(0x0000000024ed0000,0x0000000024fd0000)]
  0x00000000294ed000 JavaThread "H2 TCP Server (tcp://192.168.16.211:50354)" [_thread_in_native, id=42840, stack(0x000000002d730000,0x000000002d830000)]
  0x0000000022d98800 JavaThread "H2 TCP Server (tcp://192.168.16.211:50324)" [_thread_in_native, id=47072, stack(0x000000002d830000,0x000000002d930000)]
  0x0000000021a87000 JavaThread "H2 TCP Server (tcp://192.168.16.211:50273)" [_thread_in_native, id=32724, stack(0x000000002da40000,0x000000002db40000)]
  0x0000000023ab9800 JavaThread "H2 TCP Server (tcp://192.168.16.211:50217)" [_thread_in_native, id=56060, stack(0x000000002d5f0000,0x000000002d6f0000)]
  0x0000000022d9b800 JavaThread "H2 TCP Server (tcp://192.168.16.211:50177)" [_thread_in_native, id=41624, stack(0x0000000027110000,0x0000000027210000)]
  0x0000000021a8a000 JavaThread "H2 TCP Server (tcp://192.168.16.211:50145)" [_thread_in_native, id=54260, stack(0x000000002ce30000,0x000000002cf30000)]
  0x0000000023abe000 JavaThread "H2 TCP Server (tcp://192.168.16.211:50072)" [_thread_in_native, id=53132, stack(0x000000002ccc0000,0x000000002cdc0000)]
  0x0000000021dc0800 JavaThread "H2 TCP Server (tcp://192.168.16.211:50041)" [_thread_in_native, id=32440, stack(0x000000001bc80000,0x000000001bd80000)]
  0x00000000249b8000 JavaThread "H2 TCP Server (tcp://192.168.16.211:50002)" [_thread_in_native, id=48208, stack(0x000000002c370000,0x000000002c470000)]
  0x00000000249b8800 JavaThread "H2 TCP Server (tcp://192.168.16.211:49971)" [_thread_in_native, id=55768, stack(0x000000002c200000,0x000000002c300000)]
  0x0000000021dc1800 JavaThread "H2 TCP Server (tcp://192.168.16.211:49892)" [_thread_in_native, id=52900, stack(0x0000000027340000,0x0000000027440000)]
  0x00000000249b9800 JavaThread "H2 TCP Server (tcp://192.168.16.211:49856)" [_thread_in_native, id=3964, stack(0x0000000027450000,0x0000000027550000)]
  0x0000000022d97000 JavaThread "H2 TCP Server (tcp://192.168.16.211:49821)" [_thread_in_native, id=54196, stack(0x0000000024bd0000,0x0000000024cd0000)]
  0x0000000022d9a800 JavaThread "H2 TCP Server (tcp://192.168.16.211:49790)" [_thread_in_native, id=18764, stack(0x000000001eb50000,0x000000001ec50000)]
  0x0000000023ac0000 JavaThread "H2 TCP Server (tcp://192.168.16.211:49760)" [_thread_in_native, id=29644, stack(0x0000000027a90000,0x0000000027b90000)]
  0x00000000249ba000 JavaThread "H2 TCP Server (tcp://192.168.16.211:49729)" [_thread_in_native, id=16016, stack(0x0000000027650000,0x0000000027750000)]
  0x0000000021dbd800 JavaThread "H2 TCP Server (tcp://192.168.16.211:49687)" [_thread_in_native, id=21420, stack(0x0000000026bb0000,0x0000000026cb0000)]
  0x0000000023abb000 JavaThread "File Watcher" daemon [_thread_blocked, id=55352, stack(0x0000000020f30000,0x0000000021030000)]
  0x0000000021a8d000 JavaThread "H2 TCP Server (tcp://192.168.16.211:49662)" [_thread_in_native, id=32252, stack(0x0000000027220000,0x0000000027320000)]
  0x0000000021a86000 JavaThread "H2 TCP Server (tcp://192.168.16.211:49627)" [_thread_in_native, id=45620, stack(0x0000000026aa0000,0x0000000026ba0000)]
  0x0000000023abb800 JavaThread "DestroyJavaVM" [_thread_blocked, id=31680, stack(0x0000000002720000,0x0000000002820000)]
  0x0000000021a8c000 JavaThread "Live Reload Server" daemon [_thread_in_native, id=54132, stack(0x0000000026fa0000,0x00000000270a0000)]
  0x0000000021a89000 JavaThread "Java2D Disposer" daemon [_thread_blocked, id=11396, stack(0x0000000026100000,0x0000000026200000)]
  0x000000001aebe800 JavaThread "H2 TCP Server (tcp://192.168.16.211:49558)" [_thread_in_native, id=43784, stack(0x00000000251b0000,0x00000000252b0000)]
  0x000000001c88a800 JavaThread "Abandoned connection cleanup thread" daemon [_thread_blocked, id=6908, stack(0x0000000025000000,0x0000000025100000)]
  0x000000001ada3000 JavaThread "Service Thread" daemon [_thread_blocked, id=21160, stack(0x000000001c2b0000,0x000000001c3b0000)]
  0x000000001ad30800 JavaThread "C1 CompilerThread2" daemon [_thread_blocked, id=44880, stack(0x000000001c160000,0x000000001c260000)]
=>0x000000001ad27800 JavaThread "C2 CompilerThread1" daemon [_thread_in_native, id=36664, stack(0x000000001bf60000,0x000000001c060000)]
  0x000000001ad23800 JavaThread "C2 CompilerThread0" daemon [_thread_blocked, id=48984, stack(0x000000001bdf0000,0x000000001bef0000)]
  0x000000001ad12800 JavaThread "JDWP Command Reader" daemon [_thread_in_native, id=31056, stack(0x000000001bb60000,0x000000001bc60000)]
  0x000000001ad11800 JavaThread "JDWP Event Helper Thread" daemon [_thread_blocked, id=40848, stack(0x000000001ba00000,0x000000001bb00000)]
  0x000000001ad0a000 JavaThread "JDWP Transport Listener: dt_socket" daemon [_thread_blocked, id=12272, stack(0x000000001b8f0000,0x000000001b9f0000)]
  0x00000000199bf000 JavaThread "Attach Listener" daemon [_thread_blocked, id=31052, stack(0x000000001b470000,0x000000001b570000)]
  0x000000001acff000 JavaThread "Signal Dispatcher" daemon [_thread_blocked, id=24560, stack(0x000000001b1a0000,0x000000001b2a0000)]
  0x00000000199a3800 JavaThread "Finalizer" daemon [_thread_blocked, id=44452, stack(0x000000001a950000,0x000000001aa50000)]
  0x000000001995c800 JavaThread "Reference Handler" daemon [_thread_blocked, id=12764, stack(0x000000001abe0000,0x000000001ace0000)]

Other Threads:
  0x0000000019955000 VMThread [stack: 0x000000001aa80000,0x000000001ab80000] [id=26876]
  0x000000001adfa000 WatcherThread [stack: 0x000000001b680000,0x000000001b780000] [id=9464]

VM state:not at safepoint (normal execution)

VM Mutex/Monitor currently owned by a thread: None

heap address: 0x0000000701200000, size: 3054 MB, Compressed Oops mode: Zero based, Oop shift amount: 3
Narrow klass base: 0x0000000000000000, Narrow klass shift: 3
Compressed class space size: 1073741824 Address: 0x00000007c0000000

Heap:
 PSYoungGen      total 930816K, used 498582K [0x0000000780600000, 0x00000007bad80000, 0x00000007c0000000)
  eden space 905728K, 55% used [0x0000000780600000,0x000000079ece5940,0x00000007b7a80000)
  from space 25088K, 0% used [0x00000007b9500000,0x00000007b9500000,0x00000007bad80000)
  to   space 26112K, 0% used [0x00000007b7a80000,0x00000007b7a80000,0x00000007b9400000)
 ParOldGen       total 186880K, used 183533K [0x0000000701200000, 0x000000070c880000, 0x0000000780600000)
  object space 186880K, 98% used [0x0000000701200000,0x000000070c53b740,0x000000070c880000)
 Metaspace       used 82661K, capacity 87610K, committed 87808K, reserved 1126400K
  class space    used 9139K, capacity 10197K, committed 10240K, reserved 1048576K

Card table byte_map: [0x0000000011be0000,0x00000000121e0000] byte_map_base: 0x000000000e3d7000

Marking Bits: (ParMarkBitMap*) 0x0000000051455ce0
 Begin Bits: [0x0000000012a50000, 0x0000000015a08000)
 End Bits:   [0x0000000015a08000, 0x00000000189c0000)

Polling page: 0x0000000000420000

CodeCache: size=245760Kb used=66766Kb max_used=66771Kb free=178993Kb
 bounds [0x0000000002820000, 0x00000000069e0000, 0x0000000011820000]
 total_blobs=15319 nmethods=14389 adapters=849
 compilation: enabled

Compilation events (10 events):
Event: 1842.223 Thread 0x000000001ad30800 19579       3       org.springframework.aop.framework.DefaultAopProxyFactory::hasNoUserSuppliedProxyInterfaces (33 bytes)
Event: 1842.223 Thread 0x000000001ad30800 nmethod 19579 0x0000000003abfb90 code [0x0000000003abfd40, 0x0000000003ac0448]
Event: 1842.259 Thread 0x000000001ad30800 19582       3       org.springframework.cglib.proxy.MethodInterceptorGenerator::generate (307 bytes)
Event: 1842.262 Thread 0x000000001ad30800 nmethod 19582 0x00000000069d02d0 code [0x00000000069d09c0, 0x00000000069d5268]
Event: 1842.273 Thread 0x000000001ad23800 19583       4       org.springframework.core.convert.support.GenericConversionService::getRequiredTypeInfo (57 bytes)
Event: 1842.273 Thread 0x000000001ad30800 19584       3       org.springframework.core.GenericTypeResolver::getSingleGeneric (60 bytes)
Event: 1842.274 Thread 0x000000001ad30800 nmethod 19584 0x0000000004ca5790 code [0x0000000004ca5a20, 0x0000000004ca6bb8]
Event: 1842.276 Thread 0x000000001ad23800 nmethod 19583 0x0000000004c32f10 code [0x0000000004c33080, 0x0000000004c334b8]
Event: 1842.276 Thread 0x000000001ad30800 19585       3       org.springframework.format.support.FormattingConversionService::addFormatterForFieldType (29 bytes)
Event: 1842.277 Thread 0x000000001ad30800 nmethod 19585 0x0000000002f5dcd0 code [0x0000000002f5df40, 0x0000000002f5ee28]

GC Heap History (10 events):
Event: 1655.577 GC heap before
{Heap before GC invocations=77 (full 27):
 PSYoungGen      total 932352K, used 17915K [0x0000000780600000, 0x00000007bb080000, 0x00000007c0000000)
  eden space 905216K, 0% used [0x0000000780600000,0x0000000780600000,0x00000007b7a00000)
  from space 27136K, 66% used [0x00000007b9500000,0x00000007ba67ee28,0x00000007baf80000)
  to   space 27648K, 0% used [0x00000007b7a00000,0x00000007b7a00000,0x00000007b9500000)
 ParOldGen       total 186880K, used 165667K [0x0000000701200000, 0x000000070c880000, 0x0000000780600000)
  object space 186880K, 88% used [0x0000000701200000,0x000000070b3c8c80,0x000000070c880000)
 Metaspace       used 81620K, capacity 86452K, committed 86656K, reserved 1126400K
  class space    used 9053K, capacity 10070K, committed 10112K, reserved 1048576K
Event: 1656.102 GC heap after
Heap after GC invocations=77 (full 27):
 PSYoungGen      total 932352K, used 0K [0x0000000780600000, 0x00000007bb080000, 0x00000007c0000000)
  eden space 905216K, 0% used [0x0000000780600000,0x0000000780600000,0x00000007b7a00000)
  from space 27136K, 0% used [0x00000007b9500000,0x00000007b9500000,0x00000007baf80000)
  to   space 27648K, 0% used [0x00000007b7a00000,0x00000007b7a00000,0x00000007b9500000)
 ParOldGen       total 186880K, used 177140K [0x0000000701200000, 0x000000070c880000, 0x0000000780600000)
  object space 186880K, 94% used [0x0000000701200000,0x000000070befd340,0x000000070c880000)
 Metaspace       used 81620K, capacity 86452K, committed 86656K, reserved 1126400K
  class space    used 9053K, capacity 10070K, committed 10112K, reserved 1048576K
}
Event: 1738.192 GC heap before
{Heap before GC invocations=78 (full 27):
 PSYoungGen      total 932352K, used 868999K [0x0000000780600000, 0x00000007bb080000, 0x00000007c0000000)
  eden space 905216K, 95% used [0x0000000780600000,0x00000007b56a1db0,0x00000007b7a00000)
  from space 27136K, 0% used [0x00000007b9500000,0x00000007b9500000,0x00000007baf80000)
  to   space 27648K, 0% used [0x00000007b7a00000,0x00000007b7a00000,0x00000007b9500000)
 ParOldGen       total 186880K, used 177140K [0x0000000701200000, 0x000000070c880000, 0x0000000780600000)
  object space 186880K, 94% used [0x0000000701200000,0x000000070befd340,0x000000070c880000)
 Metaspace       used 82007K, capacity 86904K, committed 87040K, reserved 1126400K
  class space    used 9076K, capacity 10113K, committed 10240K, reserved 1048576K
Event: 1738.212 GC heap after
Heap after GC invocations=78 (full 27):
 PSYoungGen      total 932864K, used 9872K [0x0000000780600000, 0x00000007baf80000, 0x00000007c0000000)
  eden space 905216K, 0% used [0x0000000780600000,0x0000000780600000,0x00000007b7a00000)
  from space 27648K, 35% used [0x00000007b7a00000,0x00000007b83a4220,0x00000007b9500000)
  to   space 27136K, 0% used [0x00000007b9500000,0x00000007b9500000,0x00000007baf80000)
 ParOldGen       total 186880K, used 177148K [0x0000000701200000, 0x000000070c880000, 0x0000000780600000)
  object space 186880K, 94% used [0x0000000701200000,0x000000070beff340,0x000000070c880000)
 Metaspace       used 82007K, capacity 86904K, committed 87040K, reserved 1126400K
  class space    used 9076K, capacity 10113K, committed 10240K, reserved 1048576K
}
Event: 1738.212 GC heap before
{Heap before GC invocations=79 (full 28):
 PSYoungGen      total 932864K, used 9872K [0x0000000780600000, 0x00000007baf80000, 0x00000007c0000000)
  eden space 905216K, 0% used [0x0000000780600000,0x0000000780600000,0x00000007b7a00000)
  from space 27648K, 35% used [0x00000007b7a00000,0x00000007b83a4220,0x00000007b9500000)
  to   space 27136K, 0% used [0x00000007b9500000,0x00000007b9500000,0x00000007baf80000)
 ParOldGen       total 186880K, used 177148K [0x0000000701200000, 0x000000070c880000, 0x0000000780600000)
  object space 186880K, 94% used [0x0000000701200000,0x000000070beff340,0x000000070c880000)
 Metaspace       used 82007K, capacity 86904K, committed 87040K, reserved 1126400K
  class space    used 9076K, capacity 10113K, committed 10240K, reserved 1048576K
Event: 1738.622 GC heap after
Heap after GC invocations=79 (full 28):
 PSYoungGen      total 932864K, used 0K [0x0000000780600000, 0x00000007baf80000, 0x00000007c0000000)
  eden space 905216K, 0% used [0x0000000780600000,0x0000000780600000,0x00000007b7a00000)
  from space 27648K, 0% used [0x00000007b7a00000,0x00000007b7a00000,0x00000007b9500000)
  to   space 27136K, 0% used [0x00000007b9500000,0x00000007b9500000,0x00000007baf80000)
 ParOldGen       total 186880K, used 180718K [0x0000000701200000, 0x000000070c880000, 0x0000000780600000)
  object space 186880K, 96% used [0x0000000701200000,0x000000070c27bb00,0x000000070c880000)
 Metaspace       used 82007K, capacity 86904K, committed 87040K, reserved 1126400K
  class space    used 9076K, capacity 10113K, committed 10240K, reserved 1048576K
}
Event: 1839.402 GC heap before
{Heap before GC invocations=80 (full 28):
 PSYoungGen      total 932864K, used 885552K [0x0000000780600000, 0x00000007baf80000, 0x00000007c0000000)
  eden space 905216K, 97% used [0x0000000780600000,0x00000007b66cc028,0x00000007b7a00000)
  from space 27648K, 0% used [0x00000007b7a00000,0x00000007b7a00000,0x00000007b9500000)
  to   space 27136K, 0% used [0x00000007b9500000,0x00000007b9500000,0x00000007baf80000)
 ParOldGen       total 186880K, used 180718K [0x0000000701200000, 0x000000070c880000, 0x0000000780600000)
  object space 186880K, 96% used [0x0000000701200000,0x000000070c27bb00,0x000000070c880000)
 Metaspace       used 82396K, capacity 87292K, committed 87552K, reserved 1126400K
  class space    used 9118K, capacity 10156K, committed 10240K, reserved 1048576K
Event: 1839.416 GC heap after
Heap after GC invocations=80 (full 28):
 PSYoungGen      total 930816K, used 9928K [0x0000000780600000, 0x00000007bad80000, 0x00000007c0000000)
  eden space 905728K, 0% used [0x0000000780600000,0x0000000780600000,0x00000007b7a80000)
  from space 25088K, 39% used [0x00000007b9500000,0x00000007b9eb2268,0x00000007bad80000)
  to   space 26112K, 0% used [0x00000007b7a80000,0x00000007b7a80000,0x00000007b9400000)
 ParOldGen       total 186880K, used 180726K [0x0000000701200000, 0x000000070c880000, 0x0000000780600000)
  object space 186880K, 96% used [0x0000000701200000,0x000000070c27db00,0x000000070c880000)
 Metaspace       used 82396K, capacity 87292K, committed 87552K, reserved 1126400K
  class space    used 9118K, capacity 10156K, committed 10240K, reserved 1048576K
}
Event: 1839.416 GC heap before
{Heap before GC invocations=81 (full 29):
 PSYoungGen      total 930816K, used 9928K [0x0000000780600000, 0x00000007bad80000, 0x00000007c0000000)
  eden space 905728K, 0% used [0x0000000780600000,0x0000000780600000,0x00000007b7a80000)
  from space 25088K, 39% used [0x00000007b9500000,0x00000007b9eb2268,0x00000007bad80000)
  to   space 26112K, 0% used [0x00000007b7a80000,0x00000007b7a80000,0x00000007b9400000)
 ParOldGen       total 186880K, used 180726K [0x0000000701200000, 0x000000070c880000, 0x0000000780600000)
  object space 186880K, 96% used [0x0000000701200000,0x000000070c27db00,0x000000070c880000)
 Metaspace       used 82396K, capacity 87292K, committed 87552K, reserved 1126400K
  class space    used 9118K, capacity 10156K, committed 10240K, reserved 1048576K
Event: 1839.851 GC heap after
Heap after GC invocations=81 (full 29):
 PSYoungGen      total 930816K, used 0K [0x0000000780600000, 0x00000007bad80000, 0x00000007c0000000)
  eden space 905728K, 0% used [0x0000000780600000,0x0000000780600000,0x00000007b7a80000)
  from space 25088K, 0% used [0x00000007b9500000,0x00000007b9500000,0x00000007bad80000)
  to   space 26112K, 0% used [0x00000007b7a80000,0x00000007b7a80000,0x00000007b9400000)
 ParOldGen       total 186880K, used 183533K [0x0000000701200000, 0x000000070c880000, 0x0000000780600000)
  object space 186880K, 98% used [0x0000000701200000,0x000000070c53b740,0x000000070c880000)
 Metaspace       used 82396K, capacity 87292K, committed 87552K, reserved 1126400K
  class space    used 9118K, capacity 10156K, committed 10240K, reserved 1048576K
}

Deoptimization events (10 events):
Event: 1842.338 Thread 0x00000000249bb800 Uncommon trap: reason=unhandled action=none pc=0x0000000003f9d5d0 method=java.net.URLClassLoader.findClass(Ljava/lang/String;)Ljava/lang/Class; @ 44
Event: 1842.338 Thread 0x00000000249bb800 Uncommon trap: reason=unhandled action=none pc=0x00000000030e56e0 method=java.net.URLClassLoader.findClass(Ljava/lang/String;)Ljava/lang/Class; @ 44
Event: 1842.338 Thread 0x00000000249bb800 Uncommon trap: reason=unhandled action=none pc=0x0000000003f9d5d0 method=java.net.URLClassLoader.findClass(Ljava/lang/String;)Ljava/lang/Class; @ 44
Event: 1842.338 Thread 0x00000000249bb800 Uncommon trap: reason=unhandled action=none pc=0x00000000030e56e0 method=java.net.URLClassLoader.findClass(Ljava/lang/String;)Ljava/lang/Class; @ 44
Event: 1842.338 Thread 0x00000000249bb800 Uncommon trap: reason=range_check action=none pc=0x0000000002a76024 method=sun.reflect.generics.parser.SignatureParser.current()C @ 34
Event: 1842.339 Thread 0x00000000249bb800 Uncommon trap: reason=range_check action=none pc=0x0000000002a76024 method=sun.reflect.generics.parser.SignatureParser.current()C @ 34
Event: 1842.339 Thread 0x00000000249bb800 Uncommon trap: reason=range_check action=none pc=0x0000000002a76024 method=sun.reflect.generics.parser.SignatureParser.current()C @ 34
Event: 1842.339 Thread 0x00000000249bb800 Uncommon trap: reason=range_check action=none pc=0x0000000002a76024 method=sun.reflect.generics.parser.SignatureParser.current()C @ 34
Event: 1842.339 Thread 0x00000000249bb800 Uncommon trap: reason=range_check action=none pc=0x0000000002a76024 method=sun.reflect.generics.parser.SignatureParser.current()C @ 34
Event: 1842.339 Thread 0x00000000249bb800 Uncommon trap: reason=range_check action=none pc=0x0000000002a76024 method=sun.reflect.generics.parser.SignatureParser.current()C @ 34

Classes redefined (10 events):
Event: 1837.169 Thread 0x0000000019955000 redefined class name=com.kiiik.demo.ActivitiParallelGatewayController, count=3
Event: 1837.229 Thread 0x0000000019955000 redefined class name=com.kiiik.demo.ActivitiParallelGatewayController, count=3
Event: 1837.289 Thread 0x0000000019955000 redefined class name=com.kiiik.demo.ActivitiParallelGatewayController, count=1
Event: 1837.349 Thread 0x0000000019955000 redefined class name=com.kiiik.demo.ActivitiParallelGatewayController, count=3
Event: 1837.409 Thread 0x0000000019955000 redefined class name=com.kiiik.demo.ActivitiParallelGatewayController, count=1
Event: 1837.470 Thread 0x0000000019955000 redefined class name=com.kiiik.demo.ActivitiParallelGatewayController, count=4
Event: 1837.529 Thread 0x0000000019955000 redefined class name=com.kiiik.demo.ActivitiParallelGatewayController, count=1
Event: 1837.588 Thread 0x0000000019955000 redefined class name=com.kiiik.demo.ActivitiParallelGatewayController, count=1
Event: 1837.649 Thread 0x0000000019955000 redefined class name=com.kiiik.demo.ActivitiParallelGatewayController, count=3
Event: 1837.708 Thread 0x0000000019955000 redefined class name=com.kiiik.demo.ActivitiParallelGatewayController, count=3

Internal exceptions (10 events):
Event: 1842.308 Thread 0x00000000249bb800 Exception <a 'java/lang/ArrayIndexOutOfBoundsException': 6> (0x000000079e6ffb88) thrown at [C:\re\workspace\8-2-build-windows-amd64-cygwin\jdk8u202\12323\hotspot\src\share\vm\interpreter\interpreterRuntime.cpp, line 368]
Event: 1842.309 Thread 0x00000000249bb800 Exception <a 'java/lang/ArrayIndexOutOfBoundsException': 6> (0x000000079e702df0) thrown at [C:\re\workspace\8-2-build-windows-amd64-cygwin\jdk8u202\12323\hotspot\src\share\vm\interpreter\interpreterRuntime.cpp, line 368]
Event: 1842.309 Thread 0x00000000249bb800 Exception <a 'java/lang/ArrayIndexOutOfBoundsException': 6> (0x000000079e705058) thrown at [C:\re\workspace\8-2-build-windows-amd64-cygwin\jdk8u202\12323\hotspot\src\share\vm\interpreter\interpreterRuntime.cpp, line 368]
Event: 1842.309 Thread 0x00000000249bb800 Exception <a 'java/lang/ArrayIndexOutOfBoundsException': 6> (0x000000079e708f40) thrown at [C:\re\workspace\8-2-build-windows-amd64-cygwin\jdk8u202\12323\hotspot\src\share\vm\interpreter\interpreterRuntime.cpp, line 368]
Event: 1842.338 Thread 0x00000000249bb800 Exception <a 'java/lang/ArrayIndexOutOfBoundsException': 162> (0x000000079eb1d360) thrown at [C:\re\workspace\8-2-build-windows-amd64-cygwin\jdk8u202\12323\hotspot\src\share\vm\interpreter\interpreterRuntime.cpp, line 368]
Event: 1842.339 Thread 0x00000000249bb800 Exception <a 'java/lang/ArrayIndexOutOfBoundsException': 110> (0x000000079eb1ee38) thrown at [C:\re\workspace\8-2-build-windows-amd64-cygwin\jdk8u202\12323\hotspot\src\share\vm\interpreter\interpreterRuntime.cpp, line 368]
Event: 1842.339 Thread 0x00000000249bb800 Exception <a 'java/lang/ArrayIndexOutOfBoundsException': 166> (0x000000079eb21598) thrown at [C:\re\workspace\8-2-build-windows-amd64-cygwin\jdk8u202\12323\hotspot\src\share\vm\interpreter\interpreterRuntime.cpp, line 368]
Event: 1842.339 Thread 0x00000000249bb800 Exception <a 'java/lang/ArrayIndexOutOfBoundsException': 110> (0x000000079eb23888) thrown at [C:\re\workspace\8-2-build-windows-amd64-cygwin\jdk8u202\12323\hotspot\src\share\vm\interpreter\interpreterRuntime.cpp, line 368]
Event: 1842.339 Thread 0x00000000249bb800 Exception <a 'java/lang/ArrayIndexOutOfBoundsException': 138> (0x000000079eb259b0) thrown at [C:\re\workspace\8-2-build-windows-amd64-cygwin\jdk8u202\12323\hotspot\src\share\vm\interpreter\interpreterRuntime.cpp, line 368]
Event: 1842.339 Thread 0x00000000249bb800 Exception <a 'java/lang/ArrayIndexOutOfBoundsException': 138> (0x000000079eb29438) thrown at [C:\re\workspace\8-2-build-windows-amd64-cygwin\jdk8u202\12323\hotspot\src\share\vm\interpreter\interpreterRuntime.cpp, line 368]

Events (10 events):
Event: 1842.339 Thread 0x00000000249bb800 DEOPT UNPACKING pc=0x000000000286583b sp=0x000000002251df70 mode 2
Event: 1842.339 Thread 0x00000000249bb800 Uncommon trap: trap_request=0xffffffe7 fr.pc=0x0000000002a76024
Event: 1842.339 Thread 0x00000000249bb800 DEOPT PACKING pc=0x0000000002a76024 sp=0x000000002251dfe0
Event: 1842.339 Thread 0x00000000249bb800 DEOPT UNPACKING pc=0x000000000286583b sp=0x000000002251df70 mode 2
Event: 1842.339 Thread 0x00000000249bb800 Uncommon trap: trap_request=0xffffffe7 fr.pc=0x0000000002a76024
Event: 1842.339 Thread 0x00000000249bb800 DEOPT PACKING pc=0x0000000002a76024 sp=0x000000002251dfe0
Event: 1842.339 Thread 0x00000000249bb800 DEOPT UNPACKING pc=0x000000000286583b sp=0x000000002251df70 mode 2
Event: 1842.339 Thread 0x00000000249bb800 Uncommon trap: trap_request=0xffffffe7 fr.pc=0x0000000002a76024
Event: 1842.339 Thread 0x00000000249bb800 DEOPT PACKING pc=0x0000000002a76024 sp=0x000000002251dfe0
Event: 1842.339 Thread 0x00000000249bb800 DEOPT UNPACKING pc=0x000000000286583b sp=0x000000002251df70 mode 2


Dynamic libraries:
0x000000013f2c0000 - 0x000000013f2f7000 	D:\Program Files\Java\jre1.8.0_202\bin\javaw.exe
0x0000000077230000 - 0x00000000773cf000 	C:\Windows\SYSTEM32\ntdll.dll
0x0000000077110000 - 0x000000007722f000 	C:\Windows\system32\kernel32.dll
0x000007fefcec0000 - 0x000007fefcf2a000 	C:\Windows\system32\KERNELBASE.dll
0x000007fefee40000 - 0x000007fefef1b000 	C:\Windows\system32\ADVAPI32.dll
0x000007fefd860000 - 0x000007fefd8ff000 	C:\Windows\system32\msvcrt.dll
0x000007fefe8b0000 - 0x000007fefe8cf000 	C:\Windows\SYSTEM32\sechost.dll
0x000007fefeb60000 - 0x000007fefec8c000 	C:\Windows\system32\RPCRT4.dll
0x0000000077010000 - 0x000000007710a000 	C:\Windows\system32\USER32.dll
0x000007fefd690000 - 0x000007fefd6f7000 	C:\Windows\system32\GDI32.dll
0x000007fefe8d0000 - 0x000007fefe8de000 	C:\Windows\system32\LPK.dll
0x000007fefd3e0000 - 0x000007fefd4ab000 	C:\Windows\system32\USP10.dll
0x000007fefb560000 - 0x000007fefb755000 	C:\Windows\WinSxS\amd64_microsoft.windows.common-controls_6595b64144ccf1df_6.0.7601.24440_none_e36f1bbf30ff0606\COMCTL32.dll
0x000007fefe8e0000 - 0x000007fefe951000 	C:\Windows\system32\SHLWAPI.dll
0x000007fefd3b0000 - 0x000007fefd3de000 	C:\Windows\system32\IMM32.DLL
0x000007fefd700000 - 0x000007fefd809000 	C:\Windows\system32\MSCTF.dll
0x00000000627f0000 - 0x00000000628c2000 	D:\Program Files\Java\jre1.8.0_202\bin\msvcr100.dll
0x0000000050c30000 - 0x00000000514d5000 	D:\Program Files\Java\jre1.8.0_202\bin\server\jvm.dll
0x000007fefae70000 - 0x000007fefae79000 	C:\Windows\system32\WSOCK32.dll
0x000007fefd810000 - 0x000007fefd85d000 	C:\Windows\system32\WS2_32.dll
0x000007fefd2a0000 - 0x000007fefd2a8000 	C:\Windows\system32\NSI.dll
0x000007fefcd30000 - 0x000007fefcd6b000 	C:\Windows\system32\WINMM.dll
0x000007fefbda0000 - 0x000007fefbdac000 	C:\Windows\system32\VERSION.dll
0x00000000773e0000 - 0x00000000773e7000 	C:\Windows\system32\PSAPI.DLL
0x000007fef9c10000 - 0x000007fef9c1f000 	D:\Program Files\Java\jre1.8.0_202\bin\verify.dll
0x000007feefe90000 - 0x000007feefeb9000 	D:\Program Files\Java\jre1.8.0_202\bin\java.dll
0x000007feef9d0000 - 0x000007feefa05000 	D:\Program Files\Java\jre1.8.0_202\bin\jdwp.dll
0x000007fefa5e0000 - 0x000007fefa5e8000 	D:\Program Files\Java\jre1.8.0_202\bin\npt.dll
0x000007fef0720000 - 0x000007fef0736000 	D:\Program Files\Java\jre1.8.0_202\bin\zip.dll
0x000007fefd900000 - 0x000007fefe68b000 	C:\Windows\system32\SHELL32.dll
0x000007fefe960000 - 0x000007fefeb5f000 	C:\Windows\system32\ole32.dll
0x000007fefcaf0000 - 0x000007fefcaff000 	C:\Windows\system32\profapi.dll
0x000007fefa5b0000 - 0x000007fefa5b9000 	D:\Program Files\Java\jre1.8.0_202\bin\dt_socket.dll
0x000007fefad90000 - 0x000007fefada5000 	C:\Windows\system32\NLAapi.dll
0x000007fef46a0000 - 0x000007fef46b5000 	C:\Windows\system32\napinsp.dll
0x000007fef4680000 - 0x000007fef4699000 	C:\Windows\system32\pnrpnsp.dll
0x000007fefc230000 - 0x000007fefc285000 	C:\Windows\System32\mswsock.dll
0x000007fefc0b0000 - 0x000007fefc10b000 	C:\Windows\system32\DNSAPI.dll
0x000007fef4670000 - 0x000007fef467b000 	C:\Windows\System32\winrnr.dll
0x00000000710e0000 - 0x0000000071115000 	C:\Program Files\Bonjour\mdnsNSP.dll
0x000007fef9e20000 - 0x000007fef9e47000 	C:\Windows\system32\Iphlpapi.DLL
0x000007fef9e10000 - 0x000007fef9e1b000 	C:\Windows\system32\WINNSI.DLL
0x000007fef9b90000 - 0x000007fef9be3000 	C:\Windows\System32\fwpuclnt.dll
0x000007fef8640000 - 0x000007fef8648000 	C:\Windows\system32\rasadhlp.dll
0x000007fefbb10000 - 0x000007fefbb17000 	C:\Windows\System32\wshtcpip.dll
0x000007fef46c0000 - 0x000007fef46cd000 	D:\Program Files\Java\jre1.8.0_202\bin\management.dll
0x000007fef0db0000 - 0x000007fef0dca000 	D:\Program Files\Java\jre1.8.0_202\bin\net.dll
0x000007fefecb0000 - 0x000007fefee38000 	C:\Windows\system32\urlmon.dll
0x000007fefcb70000 - 0x000007fefcb74000 	C:\Windows\system32\api-ms-win-downlevel-ole32-l1-1-0.dll
0x000007fefcd70000 - 0x000007fefcd74000 	C:\Windows\system32\api-ms-win-downlevel-shlwapi-l1-1-0.dll
0x000007fefce20000 - 0x000007fefce25000 	C:\Windows\system32\api-ms-win-downlevel-advapi32-l1-1-0.dll
0x000007fefcb60000 - 0x000007fefcb64000 	C:\Windows\system32\api-ms-win-downlevel-user32-l1-1-0.dll
0x000007fefcb30000 - 0x000007fefcb34000 	C:\Windows\system32\api-ms-win-downlevel-version-l1-1-0.dll
0x000007fefcf30000 - 0x000007fefcf33000 	C:\Windows\system32\api-ms-win-downlevel-normaliz-l1-1-0.dll
0x00000000773d0000 - 0x00000000773d3000 	C:\Windows\system32\normaliz.DLL
0x000007fefcfd0000 - 0x000007fefd29a000 	C:\Windows\system32\iertutil.dll
0x000007fefef20000 - 0x000007feff438000 	C:\Windows\system32\WININET.dll
0x000007fefce60000 - 0x000007fefce7e000 	C:\Windows\system32\USERENV.dll
0x000007fefc220000 - 0x000007fefc227000 	C:\Windows\System32\wship6.dll
0x000007fef06b0000 - 0x000007fef06c2000 	D:\Program Files\Java\jre1.8.0_202\bin\nio.dll
0x000007fefc290000 - 0x000007fefc2a8000 	C:\Windows\system32\CRYPTSP.dll
0x000007fefbf90000 - 0x000007fefbfd7000 	C:\Windows\system32\rsaenh.dll
0x000007fefc980000 - 0x000007fefc98f000 	C:\Windows\system32\CRYPTBASE.dll
0x000007fef9c70000 - 0x000007fef9c81000 	C:\Windows\system32\dhcpcsvc6.DLL
0x000007fef9c50000 - 0x000007fef9c68000 	C:\Windows\system32\dhcpcsvc.DLL
0x000007feeb0b0000 - 0x000007feeb249000 	D:\Program Files\Java\jre1.8.0_202\bin\awt.dll
0x000007fefe7d0000 - 0x000007fefe8ab000 	C:\Windows\system32\OLEAUT32.dll
0x000007fefce40000 - 0x000007fefce58000 	C:\Windows\system32\DWMAPI.DLL
0x000007feef8a0000 - 0x000007feef8e7000 	D:\Program Files\Java\jre1.8.0_202\bin\fontmanager.dll
0x000007feef790000 - 0x000007feef7d2000 	D:\Program Files\Java\jre1.8.0_202\bin\t2k.dll
0x000007fef06d0000 - 0x000007fef06fa000 	D:\Program Files\Java\jre1.8.0_202\bin\dcpr.dll

VM Arguments:
jvm_args: -agentlib:jdwp=transport=dt_socket,suspend=y,address=localhost:49554 -Dfile.encoding=UTF-8 
java_command: com.kiiik.ActivitiApplication
java_class_path (initial): D:\chenyb\myproject\finally\workflow1.0\springcloudactivi5\target\classes;D:\chenyb\tools\eclipse\plugins\org.junit_4.12.0.v201504281640\junit.jar;D:\chenyb\tools\eclipse\plugins\org.hamcrest.core_1.3.0.v201303031735.jar;C:\Users\Administrator\.m2\repository\io\springfox\springfox-swagger2\2.6.1\springfox-swagger2-2.6.1.jar;C:\Users\Administrator\.m2\repository\io\swagger\swagger-annotations\1.5.10\swagger-annotations-1.5.10.jar;C:\Users\Administrator\.m2\repository\io\swagger\swagger-models\1.5.10\swagger-models-1.5.10.jar;C:\Users\Administrator\.m2\repository\com\fasterxml\jackson\core\jackson-annotations\2.8.0\jackson-annotations-2.8.0.jar;C:\Users\Administrator\.m2\repository\io\springfox\springfox-spi\2.6.1\springfox-spi-2.6.1.jar;C:\Users\Administrator\.m2\repository\io\springfox\springfox-core\2.6.1\springfox-core-2.6.1.jar;C:\Users\Administrator\.m2\repository\io\springfox\springfox-schema\2.6.1\springfox-schema-2.6.1.jar;C:\Users\Administrator\.m2\repository\io\springfox\springfox-swagger-common\2.6.1\springfox-swagger-common-2.6.1.jar;C:\Users\Administrator\.m2\repository\io\springfox\springfox-spring-web\2.6.1\springfox-spring-web-2.6.1.jar;C:\Users\Administrator\.m2\repository\com\google\guava\guava\18.0\guava-18.0.jar;C:\Users\Administrator\.m2\repository\com\fasterxml\classmate\1.3.4\classmate-1.3.4.jar;C:\Users\Administrator\.m2\repository\org\slf4j\slf4j-api\1.7.25\slf4j-api-1.7.25.jar;C:\Users\Administrator\.m2\repository\org\springframework\plugin\spring-plugin-core\1.2.0.RELEASE\spring-plugin-core-1.2.0.RELEASE.jar;C:\Users\Administrator\.m2\repository\org\springframework\spring-aop\4.3.13.RELEASE\spring-aop-4.3.13.RELEASE.jar;C:\Users\Administrator\.m2\repository\org\springframework\plugin\spring-plugin-metadata\1.2.0.RELEASE\spring-plugin-metadata-1.2.0.RELEASE.jar;C:\Users\Administrator\.m2\repository\org\mapstruct\mapstruct\1.0.0.Final\mapstruct-1.0.0.Final.jar;C:\Users\Administrator\.m2\repository\io\springfox\spr
Launcher Type: SUN_STANDARD

Environment Variables:
JAVA_HOME=D:\Program Files\Java\jdk1.8.0_202
PATH=D:/Program Files/Java/jre1.8.0_202/bin/server;D:/Program Files/Java/jre1.8.0_202/bin;D:/Program Files/Java/jre1.8.0_202/lib/amd64;C:\Program Files (x86)\Common Files\Oracle\Java\javapath;C:\Windows\system32;C:\Windows;C:\Windows\System32\Wbem;C:\Windows\System32\WindowsPowerShell\v1.0\;D:\Program Files\TortoiseGit\bin;C:\Program Files\Git\cmd;D:\Program Files\Java\jdk1.8.0_202\bin;D:\apache-maven-3.1.1\bin;D:\bigdata\netcat-win32-1.12;D:\chenyb\tools\eclipse;
USERNAME=Administrator
OS=Windows_NT
PROCESSOR_IDENTIFIER=Intel64 Family 6 Model 60 Stepping 3, GenuineIntel



---------------  S Y S T E M  ---------------

OS: Windows 7 , 64 bit Build 7601 (6.1.7601.24441)

CPU:total 4 (initial active 4) (4 cores per cpu, 1 threads per core) family 6 model 60 stepping 3, cmov, cx8, fxsr, mmx, sse, sse2, sse3, ssse3, sse4.1, sse4.2, popcnt, avx, avx2, aes, clmul, erms, rtm, lzcnt, tsc, tscinvbit, bmi1, bmi2

Memory: 4k page, physical 12505636k(1308196k free), swap 12503736k(4960k free)

vm_info: Java HotSpot(TM) 64-Bit Server VM (25.202-b08) for windows-amd64 JRE (1.8.0_202-b08), built on Dec 15 2018 19:54:30 by "java_re" with MS VC++ 10.0 (VS2010)

time: Tue Jul 02 11:35:27 2019
timezone: 中国标准时间
elapsed time: 1842 seconds (0d 0h 30m 42s)

