JvmtiExport can_access_local_variables 0
JvmtiExport can_hotswap_or_post_breakpoint 0
JvmtiExport can_post_on_exceptions 0
# 485 ciObject found
ciMethod java/lang/Object <init> ()V 4097 1 1186695 0 0
ciMethod java/lang/Object hashCode ()I 2049 1 256 0 -1
ciMethod java/lang/Object equals (Ljava/lang/Object;)Z 2097 1 15133 0 -1
ciMethod java/lang/Object clone ()Ljava/lang/Object; 2049 1 256 0 -1
ciMethod java/lang/String <init> ([CII)V 4097 1 5713 0 704
ciMethod java/lang/String <init> ([BIILjava/lang/String;)V 2121 1 6110 0 -1
ciMethod java/lang/String <init> ([CZ)V 2057 1 11728 0 64
ciMethod java/lang/String length ()I 4097 1 534103 0 64
ciMethod java/lang/String charAt (I)C 4097 1 1256549 0 -1
ciMethod java/lang/String codePointAt (I)I 1 1 3413 0 -1
ciMethod java/lang/String getChars ([CI)V 2049 1 6299 0 0
ciMethod java/lang/String equals (Ljava/lang/Object;)Z 3169 10561 4575 0 -1
ciMethod java/lang/String equalsIgnoreCase (Ljava/lang/String;)Z 1321 1 5418 0 1792
ciMethod java/lang/String regionMatches (ZILjava/lang/String;II)Z 4889 889 5812 0 0
ciMethod java/lang/String startsWith (Ljava/lang/String;I)Z 3369 1849 5707 0 416
ciMethod java/lang/String endsWith (Ljava/lang/String;)Z 2201 1 49238 0 416
ciMethod java/lang/String hashCode ()I 2841 32769 2026 0 416
ciMethod java/lang/String lastIndexOf (I)I 2049 1 36677 0 288
ciMethod java/lang/String lastIndexOf (II)I 1313 114793 858 0 288
ciMethod java/lang/String lastIndexOfSupplementary (II)I 0 0 1 0 -1
ciMethod java/lang/String substring (II)Ljava/lang/String; 3353 1 5712 0 960
ciMethod java/lang/String concat (Ljava/lang/String;)Ljava/lang/String; 2049 1 5409 0 896
ciMethod java/lang/String replace (CC)Ljava/lang/String; 985 74345 970 0 1184
ciMethod java/lang/String toUpperCase (Ljava/util/Locale;)Ljava/lang/String; 873 25241 1080 0 1920
ciMethod java/lang/ClassLoader defineClass (Ljava/lang/String;[BIILjava/security/ProtectionDomain;)Ljava/lang/Class; 2577 1 5482 0 -1
ciMethod java/lang/ClassLoader definePackage (Ljava/lang/String;Ljava/lang/String;Ljava/lang/String;Ljava/lang/String;Ljava/lang/String;Ljava/lang/String;Ljava/lang/String;Ljava/net/URL;)Ljava/lang/Package; 433 1 672 0 0
ciMethod java/lang/ClassLoader getPackage (Ljava/lang/String;)Ljava/lang/Package; 2049 1 4170 0 0
ciMethod java/lang/System nanoTime ()J 2049 1 256 0 -1
ciMethod java/lang/System arraycopy (Ljava/lang/Object;ILjava/lang/Object;II)V 15361 1 1920 0 -1
ciMethod java/lang/Throwable addSuppressed (Ljava/lang/Throwable;)V 0 0 1 0 -1
ciMethod java/security/SecureClassLoader defineClass (Ljava/lang/String;[BIILjava/security/CodeSource;)Ljava/lang/Class; 2577 1 5553 0 18784
ciMethod java/security/SecureClassLoader defineClass (Ljava/lang/String;Ljava/nio/ByteBuffer;Ljava/security/CodeSource;)Ljava/lang/Class; 0 0 1 0 -1
ciMethod java/security/SecureClassLoader getProtectionDomain (Ljava/security/CodeSource;)Ljava/security/ProtectionDomain; 2577 1 5562 0 -1
ciMethod java/lang/ref/Reference get ()Ljava/lang/Object; 2057 1 257 0 -1
ciMethod java/lang/ref/Reference <init> (Ljava/lang/Object;)V 1489 1 19678 0 0
ciMethod java/lang/ref/Reference <init> (Ljava/lang/Object;Ljava/lang/ref/ReferenceQueue;)V 2073 1 30083 0 128
ciMethod java/lang/ref/SoftReference <init> (Ljava/lang/Object;)V 1433 1 5048 0 0
ciMethod java/lang/ref/SoftReference get ()Ljava/lang/Object; 2049 1 50858 0 0
ciMethod java/lang/Thread currentThread ()Ljava/lang/Thread; 2049 1 256 0 -1
ciMethod java/lang/Thread interrupt ()V 0 0 1 0 -1
ciMethod java/lang/Thread interrupted ()Z 3073 1 5527 0 -1
ciMethod java/util/Map get (Ljava/lang/Object;)Ljava/lang/Object; 0 0 1 0 -1
ciMethod java/util/Map put (Ljava/lang/Object;Ljava/lang/Object;)Ljava/lang/Object; 0 0 1 0 -1
ciMethod java/util/Hashtable <init> (IF)V 2065 1 8453 0 672
ciMethod java/util/Hashtable <init> (I)V 2049 1 264 0 0
ciMethod java/util/Hashtable <init> ()V 2057 1 8546 0 224
ciMethod java/util/Hashtable get (Ljava/lang/Object;)Ljava/lang/Object; 2049 481 17978 0 -1
ciMethod java/util/Dictionary <init> ()V 2065 1 8453 0 0
ciMethod java/lang/StringBuilder <init> ()V 1865 1 110623 0 -1
ciMethod java/lang/StringBuilder append (Ljava/lang/String;)Ljava/lang/StringBuilder; 3097 1 294143 0 -1
ciMethod java/lang/StringBuilder append (I)Ljava/lang/StringBuilder; 1 1 3706 0 -1
ciMethod java/lang/StringBuilder append (F)Ljava/lang/StringBuilder; 0 0 1 0 -1
ciMethod java/lang/StringBuilder toString ()Ljava/lang/String; 1929 1 119250 0 -1
ciMethod sun/misc/Unsafe ensureClassInitialized (Ljava/lang/Class;)V 2049 1 256 0 -1
ciMethod java/io/ByteArrayInputStream <init> ([B)V 25 1 568 0 0
ciMethod java/io/InputStream <init> ()V 2057 1 11681 0 96
ciMethod java/io/InputStream read ([BII)I 0 0 1 0 -1
ciMethod java/io/InputStream close ()V 0 0 1 0 -1
ciMethod java/net/URLClassLoader getAndVerifyPackage (Ljava/lang/String;Ljava/util/jar/Manifest;Ljava/net/URL;)Ljava/lang/Package; 2049 1 2434 0 0
ciMethod java/net/URLClassLoader definePackageInternal (Ljava/lang/String;Ljava/util/jar/Manifest;Ljava/net/URL;)V 2049 1 2426 0 0
ciMethod java/net/URLClassLoader defineClass (Ljava/lang/String;Lsun/misc/Resource;)Ljava/lang/Class; 1553 1 2426 0 0
ciMethod java/net/URLClassLoader definePackage (Ljava/lang/String;Ljava/util/jar/Manifest;Ljava/net/URL;)Ljava/lang/Package; 425 1 667 0 0
ciMethod java/net/URLClassLoader isSealed (Ljava/lang/String;Ljava/util/jar/Manifest;)Z 1625 1 2102 0 0
ciMethod java/net/URLClassLoader access$000 (Ljava/net/URLClassLoader;)Lsun/misc/URLClassPath; 1033 1 129 0 0
ciMethod java/net/URLClassLoader access$100 (Ljava/net/URLClassLoader;Ljava/lang/String;Lsun/misc/Resource;)Ljava/lang/Class; 1553 1 2426 0 0
ciMethod java/util/jar/Manifest <init> (Ljava/io/InputStream;)V 113 1 172 0 0
ciMethod java/util/jar/Manifest <init> (Ljava/util/jar/JarVerifier;Ljava/io/InputStream;)V 129 1 290 0 0
ciMethod java/util/jar/Manifest getMainAttributes ()Ljava/util/jar/Attributes; 1025 1 128 0 0
ciMethod java/util/jar/Manifest getEntries ()Ljava/util/Map; 1025 1 128 0 0
ciMethod java/util/jar/Manifest getAttributes (Ljava/lang/String;)Ljava/util/jar/Attributes; 2049 1 3628 0 0
ciMethod java/util/jar/Manifest getTrustedAttributes (Ljava/lang/String;)Ljava/util/jar/Attributes; 3249 1 2769 0 0
ciMethod java/util/jar/Manifest read (Ljava/io/InputStream;)V 2049 1953 431 0 -1
ciMethod java/util/jar/Manifest parseName ([BI)Ljava/lang/String; 1921 1 736 0 -1
ciMethod java/security/CodeSource <init> (Ljava/net/URL;[Ljava/security/CodeSigner;)V 2065 1 5378 0 96
ciMethod java/lang/Character charCount (I)I 17 1 7264 0 -1
ciMethod java/lang/Character toChars (I[CI)I 0 0 1 0 -1
ciMethod java/lang/Character toChars (I)[C 0 0 1 0 -1
ciMethod java/lang/Character toLowerCase (C)C 4097 1 162568 0 320
ciMethod java/lang/Character toLowerCase (I)I 4097 1 179394 0 0
ciMethod java/lang/Character toUpperCase (C)C 2113 1 21576 0 320
ciMethod java/lang/Character toUpperCase (I)I 2113 1 21576 0 320
ciMethod java/lang/Character toUpperCaseEx (I)I 3945 1 30967 0 -1
ciMethod java/lang/Character toUpperCaseCharArray (I)[C 0 0 1 0 -1
ciMethod java/lang/Float isNaN (F)Z 2049 1 15848 0 0
ciMethod java/lang/Float floatToRawIntBits (F)I 969 1 121 0 -1
ciMethod java/util/Comparator compare (Ljava/lang/Object;Ljava/lang/Object;)I 0 0 1 0 -1
ciMethod java/security/AccessController doPrivileged (Ljava/security/PrivilegedAction;)Ljava/lang/Object; 2049 1 256 0 -1
ciMethod java/util/AbstractList <init> ()V 1137 1 54554 0 32
ciMethod java/util/AbstractCollection <init> ()V 1377 1 98740 0 32
ciMethod java/util/ArrayList <init> ()V 305 1 22414 0 64
ciMethod java/util/AbstractMap <init> ()V 1129 1 39318 0 0
ciMethod sun/misc/SharedSecrets javaUtilJarAccess ()Lsun/misc/JavaUtilJarAccess; 2057 1 5283 0 0
ciMethod java/util/HashMap hash (Ljava/lang/Object;)I 4097 1 166479 0 160
ciMethod java/util/HashMap tableSizeFor (I)I 2065 1 6439 0 -1
ciMethod java/util/HashMap <init> (IF)V 2049 1 6410 0 352
ciMethod java/util/HashMap <init> (I)V 2049 1 14267 0 192
ciMethod java/util/HashMap <init> ()V 273 1 28455 0 32
ciMethod java/util/HashMap get (Ljava/lang/Object;)Ljava/lang/Object; 2129 1 41669 0 704
ciMethod java/util/HashMap getNode (ILjava/lang/Object;)Ljava/util/